EVENT::/> A KC::/> 65
EVENT::/> S KC::/> 83
EVENT::/> D KC::/> 68
EVENT::/> Backspace KC::/> 8
EVENT::/> Backspace KC::/> 8
EVENT::/> Backspace KC::/> 8
EVENT::/> E KC::/> 69
EVENT::/> N KC::/> 78
EVENT::/> E KC::/> 69
EVENT::/> S KC::/> 83
EVENT::/> Space KC::/> 32
EVENT::/> K KC::/> 75
EVENT::/> O KC::/> 79
EVENT::/> V KC::/> 86
EVENT::/> A KC::/> 65
EVENT::/> L KC::/> 76
EVENT::/> Backspace KC::/> 8
EVENT::/> Backspace KC::/> 8
EVENT::/> Backspace KC::/> 8
EVENT::/> B KC::/> 66
EVENT::/> A KC::/> 65
EVENT::/> L KC::/> 76
EVENT::/> T KC::/> 84
EVENT::/> E KC::/> 69
EVENT::/> S KC::/> 83
EVENT::/> T KC::/> 84
EVENT::/> Backspace KC::/> 8
EVENT::/> Backspace KC::/> 8
EVENT::/> T KC::/> 84
EVENT::/> E KC::/> 69
EVENT::/> S KC::/> 83
EVENT::/> T KC::/> 84
EVENT::/> Backspace KC::/> 8
EVENT::/> Backspace KC::/> 8
EVENT::/> Backspace KC::/> 8
EVENT::/> Backspace KC::/> 8
EVENT::/> K KC::/> 75
EVENT::/> E KC::/> 69
EVENT::/> Y KC::/> 89
EVENT::/> L KC::/> 76
EVENT::/> O KC::/> 79
EVENT::/> G KC::/> 71
EVENT::/> G KC::/> 71
EVENT::/> E KC::/> 69
EVENT::/> R KC::/> 82
EVENT::/> E KC::/> 69
EVENT::/> N KC::/> 78
EVENT::/> E KC::/> 69
EVENT::/> S KC::/> 83
EVENT::/> Space KC::/> 32
EVENT::/> K KC::/> 75
EVENT::/> O KC::/> 79
EVENT::/> B KC::/> 66
EVENT::/> A KC::/> 65
EVENT::/> L KC::/> 76
EVENT::/> T KC::/> 84
EVENT::/> E KC::/> 69
EVENT::/> S KC::/> 83
EVENT::/> T KC::/> 84
EVENT::/> H KC::/> 72
EVENT::/> E KC::/> 69
EVENT::/> Backspace KC::/> 8
EVENT::/> Backspace KC::/> 8
EVENT::/> K KC::/> 75
EVENT::/> E KC::/> 69
EVENT::/> Backspace KC::/> 8
EVENT::/> T KC::/> 84
EVENT::/> E KC::/> 69
EVENT::/> S KC::/> 83
EVENT::/> T KC::/> 84
EVENT::/> Backspace KC::/> 8
EVENT::/> D KC::/> 68
EVENT::/> Backspace KC::/> 8
EVENT::/> D KC::/> 68
EVENT::/> Backspace KC::/> 8
EVENT::/> Space KC::/> 32
EVENT::/> D KC::/> 68
EVENT::/> K KC::/> 75
EVENT::/> F KC::/> 70
EVENT::/> K KC::/> 75
EVENT::/> S KC::/> 83
EVENT::/> D KC::/> 68
EVENT::/> F KC::/> 70
EVENT::/> S KC::/> 83
EVENT::/> L KC::/> 76
EVENT::/> F KC::/> 70
EVENT::/> S KC::/> 83
EVENT::/> F KC::/> 70
EVENT::/> D KC::/> 68
EVENT::/> Backspace KC::/> 8
EVENT::/> T KC::/> 84
EVENT::/> E KC::/> 69
EVENT::/> S KC::/> 83
EVENT::/> T KC::/> 84
EVENT::/> Enter KC::/> 10


[BEGIN---TLogger---> (tes....)[EXEC/Mixin] /[[2023-02-17-05-37-10]] {TConsoleComponentBridge} (CS ::/>Enter<--EVENT)
TConsole/cannot resolve this token> tes....
TConsole/Exec./test
>
[END---TLogger---tes....][EXEC/Mixin] /[[2023-02-17-05-37-10]] {TConsoleComponentBridge} (CS ENTER EVENT)
EVENT::/> C KC::/> 67
EVENT::/> O KC::/> 79
EVENT::/> N KC::/> 78
EVENT::/> S KC::/> 83
EVENT::/> O KC::/> 79
EVENT::/> L KC::/> 76
EVENT::/> E KC::/> 69
EVENT::/> Period KC::/> 46
EVENT::/> L KC::/> 76
EVENT::/> O KC::/> 79
EVENT::/> G KC::/> 71
EVENT::/> Backspace KC::/> 8
EVENT::/> Backspace KC::/> 8
EVENT::/> Backspace KC::/> 8
EVENT::/> Backspace KC::/> 8
EVENT::/> Backspace KC::/> 8
EVENT::/> Backspace KC::/> 8
EVENT::/> Backspace KC::/> 8
EVENT::/> Backspace KC::/> 8
EVENT::/> Backspace KC::/> 8
EVENT::/> Backspace KC::/> 8
EVENT::/> Backspace KC::/> 8
EVENT::/> G KC::/> 71
EVENT::/> E KC::/> 69
EVENT::/> T KC::/> 84
EVENT::/> Minus KC::/> 45
EVENT::/> Shift KC::/> 16
EVENT::/> L KC::/> 76
EVENT::/> O KC::/> 79
EVENT::/> G KC::/> 71
EVENT::/> G KC::/> 71
EVENT::/> E KC::/> 69
EVENT::/> R KC::/> 82
EVENT::/> Enter KC::/> 10


[BEGIN---TLogger---> (get....)[EXEC/Mixin] /[[2023-02-17-05-37-25]] {TConsoleComponentBridge} (CS ::/>Enter<--EVENT)
TConsole/cannot resolve this token> get....
TConsole/Exec./get_logger
>
